This file contains any messages produced by compilers while
running configure, to aid debugging if configure makes a mistake.

configure:544: checking CGNS version
configure:554: checking if gcc is requested
configure:876: checking whether the C compiler (clang  ) works
configure:892: clang -o conftest    conftest.c  1>&5
configure:889:1: warning: type specifier missing, defaults to 'int' [-Wimplicit-int]
main(){return(0);}
^
1 warning generated.
configure:918: checking whether the C compiler (clang  ) is a cross-compiler
configure:923: checking whether we are using GNU C
configure:932: clang -E conftest.c
configure:961: checking if compiler supports prototyping
configure:971: clang -c -O2  conftest.c 1>&5
configure:990: checking for object suffix
configure:996: clang -c -O2  conftest.c 1>&5
configure:1014: checking for Cygwin environment
configure:1030: clang -c -O2  conftest.c 1>&5
configure:1026:8: error: use of undeclared identifier '__CYGWIN32__'
return __CYGWIN__;
       ^
configure:1024:20: note: expanded from macro '__CYGWIN__'
#define __CYGWIN__ __CYGWIN32__
                   ^
1 error generated.
configure: failed program was:
#line 1019 "configure"
#include "confdefs.h"

int main() {

#ifndef __CYGWIN__
#define __CYGWIN__ __CYGWIN32__
#endif
return __CYGWIN__;
; return 0; }
configure:1047: checking for mingw32 environment
configure:1059: clang -c -O2  conftest.c 1>&5
configure:1055:8: error: use of undeclared identifier '__MINGW32__'
return __MINGW32__;
       ^
1 error generated.
configure: failed program was:
#line 1052 "configure"
#include "confdefs.h"

int main() {
return __MINGW32__;
; return 0; }
configure:1078: checking for executable suffix
configure:1088: clang -o conftest -O2   conftest.c  1>&5
configure:1195: checking for f77
configure:1234: checking whether we are using GNU Fortran 77
configure:1243: f77 -E conftest.fpp
configure:1264: checking if debugging is enabled
configure:1295: checking for ranlib
configure:1328: checking for strip
configure:1363: checking how to run the C preprocessor
configure:1384: clang -E  conftest.c >/dev/null 2>conftest.out
configure:1443: checking for ANSI C header files
configure:1456: clang -E  conftest.c >/dev/null 2>conftest.out
configure:1523: clang -o conftest -O2   conftest.c  1>&5
configure:1518:67: warning: implicitly declaring library function 'exit' with type 'void (int) __attribute__((noreturn))' [-Wimplicit-function-declaration]
if (XOR (islower (i), ISLOWER (i)) || toupper (i) != TOUPPER (i)) exit(2);
                                                                  ^
configure:1518:67: note: include the header <stdlib.h> or explicitly provide a declaration for 'exit'
1 warning generated.
configure:1556: checking for working const
configure:1610: clang -c -O2  conftest.c 1>&5
configure:1634: checking for size_t
configure:1677: checking if system was specified
configure:1687: checking if 64bit support is requested
configure:1701: checking cgsystem
configure:1818: checking if Fortran interface is enabled
configure:1947: checking for concatenation operator
configure:2008: checking if building a shared library
configure:2070: checking if using HDF5
configure:2451: checking if large file support is requested
configure:2681: checking for a BSD compatible install
configure:2742: checking where to install library
configure:2747: checking where to install headers
